
ROM used: 10664 (33%)
          10664 (33%) including unused fragments

          2 Average locations per line
          22 Average locations per statement

RAM used: 210 (10%) at main() level
          350 (17%) worst case

Stack used: 8 worst case (out of 31 total available)

Lines Stmts  %   Files
----- ----- ---  -----
  429   230  47  basic.c
  451     0   0  ..\..\..\..\Program Files (x86)\PICC\devices\18F4550.h
   28     0   0  ..\..\..\..\Program Files (x86)\PICC\drivers\STDDEF.H
 1273     0   0  ..\..\..\..\Program Files (x86)\PICC\drivers\stdlib.h
   28     0   0  ..\..\..\..\Program Files (x86)\PICC\drivers\stddef.h
  409     0   0  ..\..\..\..\Program Files (x86)\PICC\drivers\string.h
   28     0   0  ..\..\..\..\Program Files (x86)\PICC\drivers\ctype.h
 2172   260  53  ..\..\..\..\Program Files (x86)\PICC\drivers\math.h
----- -----
 4818   490 Total

Page ROM  %  RAM   Vol Diff  Functions:
---- --- --- ---   --- ----  ----------
0    128   1  10   318  6.5  strncpy
0     60   0   5   129  4.6  strlen
0    246   1  11             @MULFF
0     54   0   2             @ITOF
0    632   3  16             @ADDFF
0    350   2  14             @DIVFF
0    592   3  19  1542 12.4  strtof
0    122   1  10             @FLT
0     60   0   4             @SFTOI
0   1076   5  50  1171 10.4  cos
0     92   0   8    44  1.9  sin
0     24   0   0             @GETCH_BIU_1
0    204   1  26   593  7.0  RDA_isr
0    120   1   0   280  4.5  EXT1_isr
0     64   0   0   121  3.3  EXT2_isr
0     16   0   0    33  1.3  TIMER1_isr
0    450   2   1   841  4.4  MAIN
0    836   4   4   900  6.8  pid_robot
0     62   0   5             @FTOSD
0     52   0   4             @DTOF
0    122   1  13             @DIV3232
0    410   2  13             @PRINTF_L32D_38400_31766_31767FPFPF
0    594   3   8   194  3.2  xy_vitri
0   2480  12   9  1903  8.9  dichuyen
0    776   4   2  1608  8.6  pid_left
0     86   0   5             @SDTOF
0    774   4   2  1581  8.7  pid_right

Program metrics:
    Functions               15
    Statements              490
    Comments                602
    Volume (V)              17440
    Difficilty (D)          94.9
    Effort to implement (E) 1654316
    Time to implement (T)   25 hours, 32 minutes
    Est Delivered Bugs (B)  5
    Cyclomatic Complexity   55
    Maintainability (MI)    58

 Segment     Used  Free
-----------  ----  ----
00000-00002     4  0  
00004-00006     0  4  
00008-000B8   178  0  
000BA-07FFE  10482  22100  



