
ROM used: 10496 (32%)
          10496 (32%) including unused fragments

          2 Average locations per line
          22 Average locations per statement

RAM used: 204 (10%) at main() level
          345 (17%) worst case

Stack used: 8 worst case (out of 31 total available)

Lines Stmts  %   Files
----- ----- ---  -----
  416   210  45  loc.c
  451     0   0  ..\..\..\..\..\Program Files (x86)\PICC\devices\18F4550.h
   28     0   0  ..\..\..\..\..\Program Files (x86)\PICC\drivers\STDDEF.H
 1273     0   0  ..\..\..\..\..\Program Files (x86)\PICC\drivers\stdlib.h
   28     0   0  ..\..\..\..\..\Program Files (x86)\PICC\drivers\stddef.h
  409     0   0  ..\..\..\..\..\Program Files (x86)\PICC\drivers\string.h
   28     0   0  ..\..\..\..\..\Program Files (x86)\PICC\drivers\ctype.h
 2172   260  55  ..\..\..\..\..\Program Files (x86)\PICC\drivers\math.h
----- -----
 4805   470 Total

Page ROM  %  RAM   Vol Diff  Functions:
---- --- --- ---   --- ----  ----------
0    128   1  10   318  6.5  strncpy
0     60   0   5   129  4.6  strlen
0    246   1  11             @MULFF
0     54   0   2             @ITOF
0    632   3  16             @ADDFF
0    350   2  14             @DIVFF
0    592   3  19  1542 12.4  strtof
0    122   1  10             @FLT
0     60   0   4             @SFTOI
0   1076   5  50  1171 10.4  cos
0     92   0   8    44  1.9  sin
0     10   0   0             @PUTCHARI_BIU_1
0     24   0   0             @GETCH_BIU_1
0    212   1  26   528  6.0  RDA_isr
0     66   0   5             @FTOSD
0    128   1  13             @DIV3232
0    420   2  13   134  3.8  @PRINTF_L32D_38400_31766_31767FPFPF
0     64   0   1   134  3.8  EXT1_isr
0    120   1   1   293  4.6  EXT2_isr
0     16   0   0    33  1.3  TIMER1_isr
0    468   2   0   884  3.9  MAIN
0    648   3   2  1211  7.7  pid_right
0     86   0   5  1211  7.7  @SDTOF
0    648   3   2  1211  7.7  pid_left
0   2530  12   9  1869  9.0  dichuyen
0    816   4   4   809  7.2  pid_robot
0     52   0   4             @DTOF
0    594   3   8   194  3.2  xy_vitri

Program metrics:
    Functions               17
    Statements              470
    Comments                623
    Volume (V)              18655
    Difficilty (D)          105.1
    Effort to implement (E) 1960907
    Time to implement (T)   30 hours, 16 minutes
    Est Delivered Bugs (B)  5
    Cyclomatic Complexity   55
    Maintainability (MI)    82

 Segment     Used  Free
-----------  ----  ----
00000-00002     4  0  
00004-00006     0  4  
00008-000B8   178  0  
000BA-07FFE  10314  22268  



